This file contains any messages produced by compilers while
running configure, to aid debugging if configure makes a mistake.

It was created by myapp configure 1.0, which was
generated by GNU Autoconf 2.69.  Invocation command line was

  $ ./configure 

## --------- ##
## Platform. ##
## --------- ##

hostname = kobayashihiroshi-no-MacBook-Pro-2.local
uname -m = x86_64
uname -r = 14.0.0
uname -s = Darwin
uname -v = Darwin Kernel Version 14.0.0: Fri Sep 19 00:26:44 PDT 2014; root:xnu-2782.1.97~2/RELEASE_X86_64

/usr/bin/uname -p = i386
/bin/uname -X     = unknown

/bin/arch              = unknown
/usr/bin/arch -k       = unknown
/usr/convex/getsysinfo = unknown
/usr/bin/hostinfo      = Mach kernel version:
	 Darwin Kernel Version 14.0.0: Fri Sep 19 00:26:44 PDT 2014; root:xnu-2782.1.97~2/RELEASE_X86_64
Kernel configured for up to 4 processors.
2 processors are physically available.
4 processors are logically available.
Processor type: x86_64h (Intel x86-64h Haswell)
Processors active: 0 1 2 3
Primary memory available: 16.00 gigabytes
Default processor set: 335 tasks, 1737 threads, 4 processors
Load average: 4.23, Mach factor: 1.10
/bin/machine           = unknown
/usr/bin/oslevel       = unknown
/bin/universe          = unknown

PATH: /usr/local/Cellar/automake/1.14.1/bin
PATH: /Applications/Xcode6-Beta.app/Contents/Developer/Toolchains/XcodeDefault.xctoolchain/usr/bin/
PATH: /usr/local/bin
PATH: /Users/taish/Desktop/dart/dart-sdk/bin
PATH: /Applications/Android Studio.app/sdk/platform-tools
PATH: /Users/taish/local/bin
PATH: /usr/local/heroku/bin
PATH: /usr/local/Cellar/openssl/1.0.1g/bin
PATH: /Users/taish/.rbenv/shims
PATH: /Users/taish/.pyenv/bin
PATH: /Users/taish/.pyenv/shims
PATH: /Library/Frameworks/Python.framework/Versions/2.7/bin
PATH: /usr/local/bin
PATH: /usr/bin
PATH: /bin
PATH: /usr/sbin
PATH: /sbin
PATH: /opt/X11/bin
PATH: /usr/texbin


## ----------- ##
## Core tests. ##
## ----------- ##

configure:1832: checking for a BSD-compatible install
configure:1900: result: /usr/bin/install -c
configure:1911: checking whether build environment is sane
configure:1966: result: yes
configure:2117: checking for a thread-safe mkdir -p
configure:2156: result: ./install-sh -c -d
configure:2163: checking for gawk
configure:2193: result: no
configure:2163: checking for mawk
configure:2193: result: no
configure:2163: checking for nawk
configure:2193: result: no
configure:2163: checking for awk
configure:2179: found /usr/bin/awk
configure:2190: result: awk
configure:2201: checking whether make sets $(MAKE)
configure:2223: result: yes
configure:2252: checking whether make supports nested variables
configure:2269: result: yes
configure:2447: checking for gcc
configure:2463: found /usr/bin/gcc
configure:2474: result: gcc
configure:2703: checking for C compiler version
configure:2712: gcc --version >&5
Apple LLVM version 6.0 (clang-600.0.54) (based on LLVM 3.5svn)
Target: x86_64-apple-darwin14.0.0
Thread model: posix
Configured with: --prefix=/Applications/Xcode.app/Contents/Developer/usr --with-gxx-include-dir=/usr/include/c++/4.2.1
configure:2723: $? = 0
configure:2712: gcc -v >&5
Configured with: --prefix=/Applications/Xcode.app/Contents/Developer/usr --with-gxx-include-dir=/usr/include/c++/4.2.1
Apple LLVM version 6.0 (clang-600.0.54) (based on LLVM 3.5svn)
Target: x86_64-apple-darwin14.0.0
Thread model: posix
configure:2723: $? = 0
configure:2712: gcc -V >&5
clang: error: argument to '-V' is missing (expected 1 value)
clang: error: no input files
configure:2723: $? = 1
configure:2712: gcc -qversion >&5
clang: error: unknown argument: '-qversion'
clang: error: no input files
configure:2723: $? = 1
configure:2743: checking whether the C compiler works
configure:2765: gcc    conftest.c  >&5
configure:2769: $? = 0
configure:2817: result: yes
configure:2820: checking for C compiler default output file name
configure:2822: result: a.out
configure:2828: checking for suffix of executables
configure:2835: gcc -o conftest    conftest.c  >&5
configure:2839: $? = 0
configure:2861: result: 
configure:2883: checking whether we are cross compiling
configure:2891: gcc -o conftest    conftest.c  >&5
configure:2895: $? = 0
configure:2902: ./conftest
configure:2906: $? = 0
configure:2921: result: no
configure:2926: checking for suffix of object files
configure:2948: gcc -c   conftest.c >&5
configure:2952: $? = 0
configure:2973: result: o
configure:2977: checking whether we are using the GNU C compiler
configure:2996: gcc -c   conftest.c >&5
configure:2996: $? = 0
configure:3005: result: yes
configure:3014: checking whether gcc accepts -g
configure:3034: gcc -c -g  conftest.c >&5
configure:3034: $? = 0
configure:3075: result: yes
configure:3092: checking for gcc option to accept ISO C89
configure:3155: gcc  -c -g -O2  conftest.c >&5
configure:3155: $? = 0
configure:3168: result: none needed
configure:3193: checking whether gcc understands -c and -o together
configure:3215: gcc -c conftest.c -o conftest2.o
configure:3218: $? = 0
configure:3215: gcc -c conftest.c -o conftest2.o
configure:3218: $? = 0
configure:3230: result: yes
configure:3258: checking for style of include used by make
configure:3286: result: GNU
configure:3312: checking dependency style of gcc
configure:3423: result: gcc3
configure:3558: checking that generated files are newer than configure
configure:3564: result: done
configure:3587: creating ./config.status

## ---------------------- ##
## Running config.status. ##
## ---------------------- ##

This file was extended by myapp config.status 1.0, which was
generated by GNU Autoconf 2.69.  Invocation command line was

  CONFIG_FILES    = 
  CONFIG_HEADERS  = 
  CONFIG_LINKS    = 
  CONFIG_COMMANDS = 
  $ ./config.status 

on kobayashihiroshi-no-MacBook-Pro-2.local

config.status:839: creating Makefile
config.status:839: creating config.h
config.status:1068: executing depfiles commands

## ---------------- ##
## Cache variables. ##
## ---------------- ##

ac_cv_c_compiler_gnu=yes
ac_cv_env_CC_set=
ac_cv_env_CC_value=
ac_cv_env_CFLAGS_set=
ac_cv_env_CFLAGS_value=
ac_cv_env_CPPFLAGS_set=
ac_cv_env_CPPFLAGS_value=
ac_cv_env_LDFLAGS_set=
ac_cv_env_LDFLAGS_value=
ac_cv_env_LIBS_set=
ac_cv_env_LIBS_value=
ac_cv_env_build_alias_set=
ac_cv_env_build_alias_value=
ac_cv_env_host_alias_set=
ac_cv_env_host_alias_value=
ac_cv_env_target_alias_set=
ac_cv_env_target_alias_value=
ac_cv_objext=o
ac_cv_path_install='/usr/bin/install -c'
ac_cv_prog_AWK=awk
ac_cv_prog_ac_ct_CC=gcc
ac_cv_prog_cc_c89=
ac_cv_prog_cc_g=yes
ac_cv_prog_make_make_set=yes
am_cv_CC_dependencies_compiler_type=gcc3
am_cv_make_support_nested_variables=yes
am_cv_prog_cc_c_o=yes

## ----------------- ##
## Output variables. ##
## ----------------- ##

ACLOCAL='${SHELL} /Users/taish/note/system_programming/3/kadai2/missing aclocal-1.14'
AMDEPBACKSLASH='\'
AMDEP_FALSE='#'
AMDEP_TRUE=''
AMTAR='$${TAR-tar}'
AM_BACKSLASH='\'
AM_DEFAULT_V='$(AM_DEFAULT_VERBOSITY)'
AM_DEFAULT_VERBOSITY='1'
AM_V='$(V)'
AUTOCONF='${SHELL} /Users/taish/note/system_programming/3/kadai2/missing autoconf'
AUTOHEADER='${SHELL} /Users/taish/note/system_programming/3/kadai2/missing autoheader'
AUTOMAKE='${SHELL} /Users/taish/note/system_programming/3/kadai2/missing automake-1.14'
AWK='awk'
CC='gcc'
CCDEPMODE='depmode=gcc3'
CFLAGS='-g -O2'
CPPFLAGS=''
CYGPATH_W='echo'
DEFS='-DHAVE_CONFIG_H'
DEPDIR='.deps'
ECHO_C='\c'
ECHO_N=''
ECHO_T=''
EXEEXT=''
INSTALL_DATA='${INSTALL} -m 644'
INSTALL_PROGRAM='${INSTALL}'
INSTALL_SCRIPT='${INSTALL}'
INSTALL_STRIP_PROGRAM='$(install_sh) -c -s'
LDFLAGS=''
LIBOBJS=''
LIBS=''
LTLIBOBJS=''
MAKEINFO='${SHELL} /Users/taish/note/system_programming/3/kadai2/missing makeinfo'
MKDIR_P='./install-sh -c -d'
OBJEXT='o'
PACKAGE='myapp'
PACKAGE_BUGREPORT='kbystis@icloud.com'
PACKAGE_NAME='myapp'
PACKAGE_STRING='myapp 1.0'
PACKAGE_TARNAME='myapp'
PACKAGE_URL=''
PACKAGE_VERSION='1.0'
PATH_SEPARATOR=':'
SET_MAKE=''
SHELL='/bin/sh'
STRIP=''
VERSION='1.0'
ac_ct_CC='gcc'
am__EXEEXT_FALSE=''
am__EXEEXT_TRUE='#'
am__fastdepCC_FALSE='#'
am__fastdepCC_TRUE=''
am__include='include'
am__isrc=''
am__leading_dot='.'
am__nodep='_no'
am__quote=''
am__tar='$${TAR-tar} chof - "$$tardir"'
am__untar='$${TAR-tar} xf -'
bindir='${exec_prefix}/bin'
build_alias=''
datadir='${datarootdir}'
datarootdir='${prefix}/share'
docdir='${datarootdir}/doc/${PACKAGE_TARNAME}'
dvidir='${docdir}'
exec_prefix='${prefix}'
host_alias=''
htmldir='${docdir}'
includedir='${prefix}/include'
infodir='${datarootdir}/info'
install_sh='${SHELL} /Users/taish/note/system_programming/3/kadai2/install-sh'
libdir='${exec_prefix}/lib'
libexecdir='${exec_prefix}/libexec'
localedir='${datarootdir}/locale'
localstatedir='${prefix}/var'
mandir='${datarootdir}/man'
mkdir_p='$(MKDIR_P)'
oldincludedir='/usr/include'
pdfdir='${docdir}'
prefix='/usr/local'
program_transform_name='s,x,x,'
psdir='${docdir}'
sbindir='${exec_prefix}/sbin'
sharedstatedir='${prefix}/com'
sysconfdir='${prefix}/etc'
target_alias=''

## ----------- ##
## confdefs.h. ##
## ----------- ##

/* confdefs.h */
#define PACKAGE_NAME "myapp"
#define PACKAGE_TARNAME "myapp"
#define PACKAGE_VERSION "1.0"
#define PACKAGE_STRING "myapp 1.0"
#define PACKAGE_BUGREPORT "kbystis@icloud.com"
#define PACKAGE_URL ""
#define PACKAGE "myapp"
#define VERSION "1.0"

configure: exit 0

## ---------------------- ##
## Running config.status. ##
## ---------------------- ##

This file was extended by myapp config.status 1.0, which was
generated by GNU Autoconf 2.69.  Invocation command line was

  CONFIG_FILES    = 
  CONFIG_HEADERS  = 
  CONFIG_LINKS    = 
  CONFIG_COMMANDS = 
  $ ./config.status config.h

on kobayashihiroshi-no-MacBook-Pro-2.local

config.status:839: creating config.h
